[1.143s] Invoking command in '/home/vijay/ros2_project/src/ros2_project/ros2_project': DEBUGINFOD_URLS=https://debuginfod.ubuntu.com PYTHONPATH=/home/vijay/ros2_project/build/ros2_project/prefix_override:/usr/lib/python3/dist-packages/colcon_core/task/python/colcon_distutils_commands:/home/vijay/ros2_project/install/ros2_project/lib/python3.12/site-packages:/home/vijay/ros2_project/install/px4_msgs/lib/python3.12/site-packages:/home/vijay/ros2_project/install/ros2_project/lib/python3.12/site-packages:/opt/ros/jazzy/lib/python3.12/site-packages /usr/bin/python3 -W ignore:setup.py install is deprecated -W ignore:easy_install command is deprecated setup.py egg_info --egg-base ../../../build/ros2_project build --build-base /home/vijay/ros2_project/build/ros2_project/build install --record /home/vijay/ros2_project/build/ros2_project/install.log --single-version-externally-managed install_data
[1.506s] running egg_info
[1.526s] writing ../../../build/ros2_project/ros2_project.egg-info/PKG-INFO
[1.527s] writing dependency_links to ../../../build/ros2_project/ros2_project.egg-info/dependency_links.txt
[1.527s] writing entry points to ../../../build/ros2_project/ros2_project.egg-info/entry_points.txt
[1.527s] writing requirements to ../../../build/ros2_project/ros2_project.egg-info/requires.txt
[1.527s] writing top-level names to ../../../build/ros2_project/ros2_project.egg-info/top_level.txt
[1.572s] reading manifest file '../../../build/ros2_project/ros2_project.egg-info/SOURCES.txt'
[1.572s] adding license file 'LICENSE'
[1.573s] writing manifest file '../../../build/ros2_project/ros2_project.egg-info/SOURCES.txt'
[1.573s] running build
[1.573s] running build_py
[1.574s] copying ros2_project/odometry_tf_broadcaster.py -> /home/vijay/ros2_project/build/ros2_project/build/lib/ros2_project
[1.574s] running install
[1.584s] running install_lib
[1.607s] copying /home/vijay/ros2_project/build/ros2_project/build/lib/ros2_project/odometry_tf_broadcaster.py -> /home/vijay/ros2_project/install/ros2_project/lib/python3.12/site-packages/ros2_project
[1.608s] byte-compiling /home/vijay/ros2_project/install/ros2_project/lib/python3.12/site-packages/ros2_project/odometry_tf_broadcaster.py to odometry_tf_broadcaster.cpython-312.pyc
[1.609s] running install_data
[1.609s] running install_egg_info
[1.637s] removing '/home/vijay/ros2_project/install/ros2_project/lib/python3.12/site-packages/ros2_project-0.0.0-py3.12.egg-info' (and everything under it)
[1.637s] Copying ../../../build/ros2_project/ros2_project.egg-info to /home/vijay/ros2_project/install/ros2_project/lib/python3.12/site-packages/ros2_project-0.0.0-py3.12.egg-info
[1.638s] running install_scripts
[1.806s] Installing camera_info_publisher script to /home/vijay/ros2_project/install/ros2_project/lib/ros2_project
[1.806s] Installing control script to /home/vijay/ros2_project/install/ros2_project/lib/ros2_project
[1.807s] Installing coordinates script to /home/vijay/ros2_project/install/ros2_project/lib/ros2_project
[1.807s] Installing image_saver script to /home/vijay/ros2_project/install/ros2_project/lib/ros2_project
[1.807s] Installing odometry_tf_broadcaster script to /home/vijay/ros2_project/install/ros2_project/lib/ros2_project
[1.807s] Installing offboard_control script to /home/vijay/ros2_project/install/ros2_project/lib/ros2_project
[1.807s] Installing processes script to /home/vijay/ros2_project/install/ros2_project/lib/ros2_project
[1.807s] Installing velocity_control script to /home/vijay/ros2_project/install/ros2_project/lib/ros2_project
[1.808s] Installing visualizer script to /home/vijay/ros2_project/install/ros2_project/lib/ros2_project
[1.808s] Installing yolo script to /home/vijay/ros2_project/install/ros2_project/lib/ros2_project
[1.808s] writing list of installed files to '/home/vijay/ros2_project/build/ros2_project/install.log'
[1.893s] Invoked command in '/home/vijay/ros2_project/src/ros2_project/ros2_project' returned '0': DEBUGINFOD_URLS=https://debuginfod.ubuntu.com PYTHONPATH=/home/vijay/ros2_project/build/ros2_project/prefix_override:/usr/lib/python3/dist-packages/colcon_core/task/python/colcon_distutils_commands:/home/vijay/ros2_project/install/ros2_project/lib/python3.12/site-packages:/home/vijay/ros2_project/install/px4_msgs/lib/python3.12/site-packages:/home/vijay/ros2_project/install/ros2_project/lib/python3.12/site-packages:/opt/ros/jazzy/lib/python3.12/site-packages /usr/bin/python3 -W ignore:setup.py install is deprecated -W ignore:easy_install command is deprecated setup.py egg_info --egg-base ../../../build/ros2_project build --build-base /home/vijay/ros2_project/build/ros2_project/build install --record /home/vijay/ros2_project/build/ros2_project/install.log --single-version-externally-managed install_data
