[0.604s] Invoking command in '/home/vijay/ros2_project/src/ros2_project/ros2_project': AMENT_PREFIX_PATH=/home/vijay/ros2_project/install/px4_msgs:${AMENT_PREFIX_PATH} CMAKE_PREFIX_PATH=/home/vijay/ros2_project/install/px4_msgs:${CMAKE_PREFIX_PATH} DEBUGINFOD_URLS=https://debuginfod.ubuntu.com LD_LIBRARY_PATH=/home/vijay/ros2_project/install/px4_msgs/lib:${LD_LIBRARY_PATH} PS1=(yolo) \[\e]0;\u@\h: \w\a\]${debian_chroot:+($debian_chroot)}\[\033[01;32m\]\u@\h\[\033[00m\]:\[\033[01;34m\]\w\[\033[00m\]\$ PYTHONPATH=/home/vijay/ros2_project/build/ros2_project/prefix_override:/usr/lib/python3/dist-packages/colcon_core/task/python/colcon_distutils_commands:/home/vijay/ros2_project/install/ros2_project/lib/python3.12/site-packages:/home/vijay/ros2_project/install/px4_msgs/lib/python3.12/site-packages:${PYTHONPATH} VIRTUAL_ENV_PROMPT=(yolo) /usr/bin/python3 -W ignore:setup.py install is deprecated -W ignore:easy_install command is deprecated setup.py egg_info --egg-base ../../../build/ros2_project build --build-base /home/vijay/ros2_project/build/ros2_project/build install --record /home/vijay/ros2_project/build/ros2_project/install.log --single-version-externally-managed install_data
[0.792s] running egg_info
[0.792s] creating ../../../build/ros2_project/ros2_project.egg-info
[0.805s] writing ../../../build/ros2_project/ros2_project.egg-info/PKG-INFO
[0.805s] writing dependency_links to ../../../build/ros2_project/ros2_project.egg-info/dependency_links.txt
[0.806s] writing entry points to ../../../build/ros2_project/ros2_project.egg-info/entry_points.txt
[0.806s] writing requirements to ../../../build/ros2_project/ros2_project.egg-info/requires.txt
[0.806s] writing top-level names to ../../../build/ros2_project/ros2_project.egg-info/top_level.txt
[0.806s] writing manifest file '../../../build/ros2_project/ros2_project.egg-info/SOURCES.txt'
[0.833s] reading manifest file '../../../build/ros2_project/ros2_project.egg-info/SOURCES.txt'
[0.833s] adding license file 'LICENSE'
[0.834s] writing manifest file '../../../build/ros2_project/ros2_project.egg-info/SOURCES.txt'
[0.834s] running build
[0.834s] running build_py
[0.834s] creating /home/vijay/ros2_project/build/ros2_project/build
[0.834s] creating /home/vijay/ros2_project/build/ros2_project/build/lib
[0.834s] creating /home/vijay/ros2_project/build/ros2_project/build/lib/ros2_project
[0.834s] copying ros2_project/coordinates.py -> /home/vijay/ros2_project/build/ros2_project/build/lib/ros2_project
[0.834s] copying ros2_project/processes.py -> /home/vijay/ros2_project/build/ros2_project/build/lib/ros2_project
[0.834s] copying ros2_project/visualizer.py -> /home/vijay/ros2_project/build/ros2_project/build/lib/ros2_project
[0.834s] copying ros2_project/yolo.py -> /home/vijay/ros2_project/build/ros2_project/build/lib/ros2_project
[0.834s] copying ros2_project/image_viewer.py -> /home/vijay/ros2_project/build/ros2_project/build/lib/ros2_project
[0.834s] copying ros2_project/control.py -> /home/vijay/ros2_project/build/ros2_project/build/lib/ros2_project
[0.834s] copying ros2_project/camera_info_publisher.py -> /home/vijay/ros2_project/build/ros2_project/build/lib/ros2_project
[0.834s] copying ros2_project/__init__.py -> /home/vijay/ros2_project/build/ros2_project/build/lib/ros2_project
[0.834s] copying ros2_project/velocity_control.py -> /home/vijay/ros2_project/build/ros2_project/build/lib/ros2_project
[0.834s] copying ros2_project/image_saver.py -> /home/vijay/ros2_project/build/ros2_project/build/lib/ros2_project
[0.834s] running install
[0.839s] running install_lib
[0.852s] creating /home/vijay/ros2_project/install/ros2_project/lib/python3.12/site-packages/ros2_project
[0.852s] copying /home/vijay/ros2_project/build/ros2_project/build/lib/ros2_project/coordinates.py -> /home/vijay/ros2_project/install/ros2_project/lib/python3.12/site-packages/ros2_project
[0.852s] copying /home/vijay/ros2_project/build/ros2_project/build/lib/ros2_project/processes.py -> /home/vijay/ros2_project/install/ros2_project/lib/python3.12/site-packages/ros2_project
[0.852s] copying /home/vijay/ros2_project/build/ros2_project/build/lib/ros2_project/visualizer.py -> /home/vijay/ros2_project/install/ros2_project/lib/python3.12/site-packages/ros2_project
[0.853s] copying /home/vijay/ros2_project/build/ros2_project/build/lib/ros2_project/yolo.py -> /home/vijay/ros2_project/install/ros2_project/lib/python3.12/site-packages/ros2_project
[0.853s] copying /home/vijay/ros2_project/build/ros2_project/build/lib/ros2_project/image_viewer.py -> /home/vijay/ros2_project/install/ros2_project/lib/python3.12/site-packages/ros2_project
[0.853s] copying /home/vijay/ros2_project/build/ros2_project/build/lib/ros2_project/control.py -> /home/vijay/ros2_project/install/ros2_project/lib/python3.12/site-packages/ros2_project
[0.853s] copying /home/vijay/ros2_project/build/ros2_project/build/lib/ros2_project/camera_info_publisher.py -> /home/vijay/ros2_project/install/ros2_project/lib/python3.12/site-packages/ros2_project
[0.853s] copying /home/vijay/ros2_project/build/ros2_project/build/lib/ros2_project/__init__.py -> /home/vijay/ros2_project/install/ros2_project/lib/python3.12/site-packages/ros2_project
[0.853s] copying /home/vijay/ros2_project/build/ros2_project/build/lib/ros2_project/velocity_control.py -> /home/vijay/ros2_project/install/ros2_project/lib/python3.12/site-packages/ros2_project
[0.853s] copying /home/vijay/ros2_project/build/ros2_project/build/lib/ros2_project/image_saver.py -> /home/vijay/ros2_project/install/ros2_project/lib/python3.12/site-packages/ros2_project
[0.853s] byte-compiling /home/vijay/ros2_project/install/ros2_project/lib/python3.12/site-packages/ros2_project/coordinates.py to coordinates.cpython-312.pyc
[0.854s] byte-compiling /home/vijay/ros2_project/install/ros2_project/lib/python3.12/site-packages/ros2_project/processes.py to processes.cpython-312.pyc
[0.854s] byte-compiling /home/vijay/ros2_project/install/ros2_project/lib/python3.12/site-packages/ros2_project/visualizer.py to visualizer.cpython-312.pyc
[0.855s] byte-compiling /home/vijay/ros2_project/install/ros2_project/lib/python3.12/site-packages/ros2_project/yolo.py to yolo.cpython-312.pyc
[0.856s] byte-compiling /home/vijay/ros2_project/install/ros2_project/lib/python3.12/site-packages/ros2_project/image_viewer.py to image_viewer.cpython-312.pyc
[0.856s] byte-compiling /home/vijay/ros2_project/install/ros2_project/lib/python3.12/site-packages/ros2_project/control.py to control.cpython-312.pyc
[0.857s] byte-compiling /home/vijay/ros2_project/install/ros2_project/lib/python3.12/site-packages/ros2_project/camera_info_publisher.py to camera_info_publisher.cpython-312.pyc
[0.857s] byte-compiling /home/vijay/ros2_project/install/ros2_project/lib/python3.12/site-packages/ros2_project/__init__.py to __init__.cpython-312.pyc
[0.858s] byte-compiling /home/vijay/ros2_project/install/ros2_project/lib/python3.12/site-packages/ros2_project/velocity_control.py to velocity_control.cpython-312.pyc
[0.859s] byte-compiling /home/vijay/ros2_project/install/ros2_project/lib/python3.12/site-packages/ros2_project/image_saver.py to image_saver.cpython-312.pyc
[0.860s] running install_data
[0.860s] creating /home/vijay/ros2_project/install/ros2_project/share/ament_index
[0.860s] creating /home/vijay/ros2_project/install/ros2_project/share/ament_index/resource_index
[0.860s] creating /home/vijay/ros2_project/install/ros2_project/share/ament_index/resource_index/packages
[0.860s] copying resource/ros2_project -> /home/vijay/ros2_project/install/ros2_project/share/ament_index/resource_index/packages
[0.860s] copying resource/visualize.rviz -> /home/vijay/ros2_project/install/ros2_project/share/ament_index/resource_index/packages
[0.860s] copying package.xml -> /home/vijay/ros2_project/install/ros2_project/share/ros2_project
[0.860s] copying launch/drone.launch.py -> /home/vijay/ros2_project/install/ros2_project/share/ros2_project
[0.860s] copying launch/arena.launch.py -> /home/vijay/ros2_project/install/ros2_project/share/ros2_project
[0.860s] copying resource/visualize.rviz -> /home/vijay/ros2_project/install/ros2_project/share/ros2_project
[0.860s] running install_egg_info
[0.874s] Copying ../../../build/ros2_project/ros2_project.egg-info to /home/vijay/ros2_project/install/ros2_project/lib/python3.12/site-packages/ros2_project-0.0.0-py3.12.egg-info
[0.875s] running install_scripts
[0.966s] Installing control script to /home/vijay/ros2_project/install/ros2_project/lib/ros2_project
[0.966s] Installing coordinates script to /home/vijay/ros2_project/install/ros2_project/lib/ros2_project
[0.966s] Installing image_saver script to /home/vijay/ros2_project/install/ros2_project/lib/ros2_project
[0.966s] Installing offboard_control script to /home/vijay/ros2_project/install/ros2_project/lib/ros2_project
[0.966s] Installing processes script to /home/vijay/ros2_project/install/ros2_project/lib/ros2_project
[0.966s] Installing velocity_control script to /home/vijay/ros2_project/install/ros2_project/lib/ros2_project
[0.966s] Installing visualizer script to /home/vijay/ros2_project/install/ros2_project/lib/ros2_project
[0.966s] Installing yolo script to /home/vijay/ros2_project/install/ros2_project/lib/ros2_project
[0.966s] writing list of installed files to '/home/vijay/ros2_project/build/ros2_project/install.log'
[0.983s] Invoked command in '/home/vijay/ros2_project/src/ros2_project/ros2_project' returned '0': AMENT_PREFIX_PATH=/home/vijay/ros2_project/install/px4_msgs:${AMENT_PREFIX_PATH} CMAKE_PREFIX_PATH=/home/vijay/ros2_project/install/px4_msgs:${CMAKE_PREFIX_PATH} DEBUGINFOD_URLS=https://debuginfod.ubuntu.com LD_LIBRARY_PATH=/home/vijay/ros2_project/install/px4_msgs/lib:${LD_LIBRARY_PATH} PS1=(yolo) \[\e]0;\u@\h: \w\a\]${debian_chroot:+($debian_chroot)}\[\033[01;32m\]\u@\h\[\033[00m\]:\[\033[01;34m\]\w\[\033[00m\]\$ PYTHONPATH=/home/vijay/ros2_project/build/ros2_project/prefix_override:/usr/lib/python3/dist-packages/colcon_core/task/python/colcon_distutils_commands:/home/vijay/ros2_project/install/ros2_project/lib/python3.12/site-packages:/home/vijay/ros2_project/install/px4_msgs/lib/python3.12/site-packages:${PYTHONPATH} VIRTUAL_ENV_PROMPT=(yolo) /usr/bin/python3 -W ignore:setup.py install is deprecated -W ignore:easy_install command is deprecated setup.py egg_info --egg-base ../../../build/ros2_project build --build-base /home/vijay/ros2_project/build/ros2_project/build install --record /home/vijay/ros2_project/build/ros2_project/install.log --single-version-externally-managed install_data
