[1.137s] Invoking command in '/home/vijay/ros2_project/src/ros2_project/ros2_project': DEBUGINFOD_URLS=https://debuginfod.ubuntu.com PS1=(yolo) \[\e]0;\u@\h: \w\a\]${debian_chroot:+($debian_chroot)}\[\033[01;32m\]\u@\h\[\033[00m\]:\[\033[01;34m\]\w\[\033[00m\]\$ PYTHONPATH=/home/vijay/ros2_project/build/ros2_project/prefix_override:/usr/lib/python3/dist-packages/colcon_core/task/python/colcon_distutils_commands:/home/vijay/ros2_project/install/ros2_project/lib/python3.12/site-packages:/home/vijay/ros2_project/install/px4_msgs/lib/python3.12/site-packages:/home/vijay/ros2_project/install/ros2_project/lib/python3.12/site-packages:/opt/ros/jazzy/lib/python3.12/site-packages VIRTUAL_ENV_PROMPT=(yolo) /usr/bin/python3 -W ignore:setup.py install is deprecated -W ignore:easy_install command is deprecated setup.py egg_info --egg-base ../../../build/ros2_project build --build-base /home/vijay/ros2_project/build/ros2_project/build install --record /home/vijay/ros2_project/build/ros2_project/install.log --single-version-externally-managed install_data
[1.441s] running egg_info
[1.461s] writing ../../../build/ros2_project/ros2_project.egg-info/PKG-INFO
[1.462s] writing dependency_links to ../../../build/ros2_project/ros2_project.egg-info/dependency_links.txt
[1.462s] writing entry points to ../../../build/ros2_project/ros2_project.egg-info/entry_points.txt
[1.462s] writing requirements to ../../../build/ros2_project/ros2_project.egg-info/requires.txt
[1.462s] writing top-level names to ../../../build/ros2_project/ros2_project.egg-info/top_level.txt
[1.510s] reading manifest file '../../../build/ros2_project/ros2_project.egg-info/SOURCES.txt'
[1.510s] adding license file 'LICENSE'
[1.510s] writing manifest file '../../../build/ros2_project/ros2_project.egg-info/SOURCES.txt'
[1.511s] running build
[1.511s] running build_py
[1.511s] copying ros2_project/odometry_tf_broadcaster.py -> /home/vijay/ros2_project/build/ros2_project/build/lib/ros2_project
[1.511s] running install
[1.518s] running install_lib
[1.538s] copying /home/vijay/ros2_project/build/ros2_project/build/lib/ros2_project/odometry_tf_broadcaster.py -> /home/vijay/ros2_project/install/ros2_project/lib/python3.12/site-packages/ros2_project
[1.539s] byte-compiling /home/vijay/ros2_project/install/ros2_project/lib/python3.12/site-packages/ros2_project/odometry_tf_broadcaster.py to odometry_tf_broadcaster.cpython-312.pyc
[1.540s] running install_data
[1.540s] running install_egg_info
[1.562s] removing '/home/vijay/ros2_project/install/ros2_project/lib/python3.12/site-packages/ros2_project-0.0.0-py3.12.egg-info' (and everything under it)
[1.562s] Copying ../../../build/ros2_project/ros2_project.egg-info to /home/vijay/ros2_project/install/ros2_project/lib/python3.12/site-packages/ros2_project-0.0.0-py3.12.egg-info
[1.563s] running install_scripts
[1.708s] Installing camera_info_publisher script to /home/vijay/ros2_project/install/ros2_project/lib/ros2_project
[1.708s] Installing control script to /home/vijay/ros2_project/install/ros2_project/lib/ros2_project
[1.708s] Installing coordinates script to /home/vijay/ros2_project/install/ros2_project/lib/ros2_project
[1.708s] Installing image_saver script to /home/vijay/ros2_project/install/ros2_project/lib/ros2_project
[1.708s] Installing odometry_tf_broadcaster script to /home/vijay/ros2_project/install/ros2_project/lib/ros2_project
[1.708s] Installing offboard_control script to /home/vijay/ros2_project/install/ros2_project/lib/ros2_project
[1.708s] Installing processes script to /home/vijay/ros2_project/install/ros2_project/lib/ros2_project
[1.708s] Installing velocity_control script to /home/vijay/ros2_project/install/ros2_project/lib/ros2_project
[1.708s] Installing visualizer script to /home/vijay/ros2_project/install/ros2_project/lib/ros2_project
[1.708s] Installing yolo script to /home/vijay/ros2_project/install/ros2_project/lib/ros2_project
[1.708s] writing list of installed files to '/home/vijay/ros2_project/build/ros2_project/install.log'
[1.791s] Invoked command in '/home/vijay/ros2_project/src/ros2_project/ros2_project' returned '0': DEBUGINFOD_URLS=https://debuginfod.ubuntu.com PS1=(yolo) \[\e]0;\u@\h: \w\a\]${debian_chroot:+($debian_chroot)}\[\033[01;32m\]\u@\h\[\033[00m\]:\[\033[01;34m\]\w\[\033[00m\]\$ PYTHONPATH=/home/vijay/ros2_project/build/ros2_project/prefix_override:/usr/lib/python3/dist-packages/colcon_core/task/python/colcon_distutils_commands:/home/vijay/ros2_project/install/ros2_project/lib/python3.12/site-packages:/home/vijay/ros2_project/install/px4_msgs/lib/python3.12/site-packages:/home/vijay/ros2_project/install/ros2_project/lib/python3.12/site-packages:/opt/ros/jazzy/lib/python3.12/site-packages VIRTUAL_ENV_PROMPT=(yolo) /usr/bin/python3 -W ignore:setup.py install is deprecated -W ignore:easy_install command is deprecated setup.py egg_info --egg-base ../../../build/ros2_project build --build-base /home/vijay/ros2_project/build/ros2_project/build install --record /home/vijay/ros2_project/build/ros2_project/install.log --single-version-externally-managed install_data
