[0.193s] DEBUG:colcon:Command line arguments: ['/usr/bin/colcon', 'build']
[0.193s] DEBUG:colcon:Parsed command line arguments: Namespace(log_base=None, log_level=None, verb_name='build', build_base='build', install_base='install', merge_install=False, symlink_install=False, test_result_base=None, continue_on_error=False, executor='parallel', parallel_workers=16, event_handlers=None, ignore_user_meta=False, metas=['./colcon.meta'], base_paths=['.'], packages_ignore=None, packages_ignore_regex=None, paths=None, packages_up_to=None, packages_up_to_regex=None, packages_above=None, packages_above_and_dependencies=None, packages_above_depth=None, packages_select_by_dep=None, packages_skip_by_dep=None, packages_skip_up_to=None, packages_select_build_failed=False, packages_skip_build_finished=False, packages_select_test_failures=False, packages_skip_test_passed=False, packages_select=None, packages_skip=None, packages_select_regex=None, packages_skip_regex=None, packages_start=None, packages_end=None, allow_overriding=[], cmake_args=None, cmake_target=None, cmake_target_skip_unavailable=False, cmake_clean_cache=False, cmake_clean_first=False, cmake_force_configure=False, ament_cmake_args=None, catkin_cmake_args=None, catkin_skip_building_tests=False, mixin_files=None, mixin=None, verb_parser=<colcon_mixin.mixin.mixin_argument.MixinArgumentDecorator object at 0x7d7095d09af0>, verb_extension=<colcon_core.verb.build.BuildVerb object at 0x7d7095d097f0>, main=<bound method BuildVerb.main of <colcon_core.verb.build.BuildVerb object at 0x7d7095d097f0>>, mixin_verb=('build',))
[0.239s] Level 1:colcon.colcon_core.package_discovery:discover_packages(colcon_meta) check parameters
[0.240s] Level 1:colcon.colcon_core.package_discovery:discover_packages(recursive) check parameters
[0.240s] Level 1:colcon.colcon_core.package_discovery:discover_packages(ignore) check parameters
[0.240s] Level 1:colcon.colcon_core.package_discovery:discover_packages(path) check parameters
[0.240s] Level 1:colcon.colcon_core.package_discovery:discover_packages(colcon_meta) discover
[0.240s] Level 1:colcon.colcon_core.package_discovery:discover_packages(recursive) discover
[0.240s] INFO:colcon.colcon_core.package_discovery:Crawling recursively for packages in '/home/vijay/ros2_project'
[0.240s] Level 1:colcon.colcon_core.package_identification:_identify(.) by extensions ['ignore', 'ignore_ament_install']
[0.240s] Level 1:colcon.colcon_core.package_identification:_identify(.) by extension 'ignore'
[0.240s] Level 1:colcon.colcon_core.package_identification:_identify(.) by extension 'ignore_ament_install'
[0.240s] Level 1:colcon.colcon_core.package_identification:_identify(.) by extensions ['colcon_pkg']
[0.240s] Level 1:colcon.colcon_core.package_identification:_identify(.) by extension 'colcon_pkg'
[0.240s] Level 1:colcon.colcon_core.package_identification:_identify(.) by extensions ['colcon_meta']
[0.240s] Level 1:colcon.colcon_core.package_identification:_identify(.) by extension 'colcon_meta'
[0.240s] Level 1:colcon.colcon_core.package_identification:_identify(.) by extensions ['ros']
[0.240s] Level 1:colcon.colcon_core.package_identification:_identify(.) by extension 'ros'
[0.275s] Level 1:colcon.colcon_core.package_identification:_identify(.) by extensions ['cmake', 'python']
[0.275s] Level 1:colcon.colcon_core.package_identification:_identify(.) by extension 'cmake'
[0.275s] Level 1:colcon.colcon_core.package_identification:_identify(.) by extension 'python'
[0.275s] Level 1:colcon.colcon_core.package_identification:_identify(.) by extensions ['python_setup_py']
[0.275s] Level 1:colcon.colcon_core.package_identification:_identify(.) by extension 'python_setup_py'
[0.275s] Level 1:colcon.colcon_core.package_identification:_identify(build) by extensions ['ignore', 'ignore_ament_install']
[0.275s] Level 1:colcon.colcon_core.package_identification:_identify(build) by extension 'ignore'
[0.275s] Level 1:colcon.colcon_core.package_identification:_identify(build) ignored
[0.275s] Level 1:colcon.colcon_core.package_identification:_identify(install) by extensions ['ignore', 'ignore_ament_install']
[0.275s] Level 1:colcon.colcon_core.package_identification:_identify(install) by extension 'ignore'
[0.275s] Level 1:colcon.colcon_core.package_identification:_identify(install) ignored
[0.275s] Level 1:colcon.colcon_core.package_identification:_identify(log) by extensions ['ignore', 'ignore_ament_install']
[0.275s] Level 1:colcon.colcon_core.package_identification:_identify(log) by extension 'ignore'
[0.275s] Level 1:colcon.colcon_core.package_identification:_identify(log) ignored
[0.275s] Level 1:colcon.colcon_core.package_identification:_identify(src) by extensions ['ignore', 'ignore_ament_install']
[0.276s] Level 1:colcon.colcon_core.package_identification:_identify(src) by extension 'ignore'
[0.276s] Level 1:colcon.colcon_core.package_identification:_identify(src) by extension 'ignore_ament_install'
[0.276s] Level 1:colcon.colcon_core.package_identification:_identify(src) by extensions ['colcon_pkg']
[0.276s] Level 1:colcon.colcon_core.package_identification:_identify(src) by extension 'colcon_pkg'
[0.276s] Level 1:colcon.colcon_core.package_identification:_identify(src) by extensions ['colcon_meta']
[0.276s] Level 1:colcon.colcon_core.package_identification:_identify(src) by extension 'colcon_meta'
[0.276s] Level 1:colcon.colcon_core.package_identification:_identify(src) by extensions ['ros']
[0.276s] Level 1:colcon.colcon_core.package_identification:_identify(src) by extension 'ros'
[0.276s] Level 1:colcon.colcon_core.package_identification:_identify(src) by extensions ['cmake', 'python']
[0.276s] Level 1:colcon.colcon_core.package_identification:_identify(src) by extension 'cmake'
[0.276s] Level 1:colcon.colcon_core.package_identification:_identify(src) by extension 'python'
[0.276s] Level 1:colcon.colcon_core.package_identification:_identify(src) by extensions ['python_setup_py']
[0.276s] Level 1:colcon.colcon_core.package_identification:_identify(src) by extension 'python_setup_py'
[0.276s] Level 1:colcon.colcon_core.package_identification:_identify(src/px4_msgs) by extensions ['ignore', 'ignore_ament_install']
[0.276s] Level 1:colcon.colcon_core.package_identification:_identify(src/px4_msgs) by extension 'ignore'
[0.276s] Level 1:colcon.colcon_core.package_identification:_identify(src/px4_msgs) by extension 'ignore_ament_install'
[0.276s] Level 1:colcon.colcon_core.package_identification:_identify(src/px4_msgs) by extensions ['colcon_pkg']
[0.276s] Level 1:colcon.colcon_core.package_identification:_identify(src/px4_msgs) by extension 'colcon_pkg'
[0.276s] Level 1:colcon.colcon_core.package_identification:_identify(src/px4_msgs) by extensions ['colcon_meta']
[0.276s] Level 1:colcon.colcon_core.package_identification:_identify(src/px4_msgs) by extension 'colcon_meta'
[0.276s] Level 1:colcon.colcon_core.package_identification:_identify(src/px4_msgs) by extensions ['ros']
[0.276s] Level 1:colcon.colcon_core.package_identification:_identify(src/px4_msgs) by extension 'ros'
[0.279s] DEBUG:colcon.colcon_core.package_identification:Package 'src/px4_msgs' with type 'ros.ament_cmake' and name 'px4_msgs'
[0.279s] Level 1:colcon.colcon_core.package_identification:_identify(src/ros2_project) by extensions ['ignore', 'ignore_ament_install']
[0.279s] Level 1:colcon.colcon_core.package_identification:_identify(src/ros2_project) by extension 'ignore'
[0.279s] Level 1:colcon.colcon_core.package_identification:_identify(src/ros2_project) by extension 'ignore_ament_install'
[0.279s] Level 1:colcon.colcon_core.package_identification:_identify(src/ros2_project) by extensions ['colcon_pkg']
[0.279s] Level 1:colcon.colcon_core.package_identification:_identify(src/ros2_project) by extension 'colcon_pkg'
[0.279s] Level 1:colcon.colcon_core.package_identification:_identify(src/ros2_project) by extensions ['colcon_meta']
[0.279s] Level 1:colcon.colcon_core.package_identification:_identify(src/ros2_project) by extension 'colcon_meta'
[0.279s] Level 1:colcon.colcon_core.package_identification:_identify(src/ros2_project) by extensions ['ros']
[0.279s] Level 1:colcon.colcon_core.package_identification:_identify(src/ros2_project) by extension 'ros'
[0.279s] Level 1:colcon.colcon_core.package_identification:_identify(src/ros2_project) by extensions ['cmake', 'python']
[0.279s] Level 1:colcon.colcon_core.package_identification:_identify(src/ros2_project) by extension 'cmake'
[0.279s] Level 1:colcon.colcon_core.package_identification:_identify(src/ros2_project) by extension 'python'
[0.280s] Level 1:colcon.colcon_core.package_identification:_identify(src/ros2_project) by extensions ['python_setup_py']
[0.280s] Level 1:colcon.colcon_core.package_identification:_identify(src/ros2_project) by extension 'python_setup_py'
[0.280s] Level 1:colcon.colcon_core.package_identification:_identify(src/ros2_project/ros2_project) by extensions ['ignore', 'ignore_ament_install']
[0.280s] Level 1:colcon.colcon_core.package_identification:_identify(src/ros2_project/ros2_project) by extension 'ignore'
[0.280s] Level 1:colcon.colcon_core.package_identification:_identify(src/ros2_project/ros2_project) by extension 'ignore_ament_install'
[0.280s] Level 1:colcon.colcon_core.package_identification:_identify(src/ros2_project/ros2_project) by extensions ['colcon_pkg']
[0.280s] Level 1:colcon.colcon_core.package_identification:_identify(src/ros2_project/ros2_project) by extension 'colcon_pkg'
[0.280s] Level 1:colcon.colcon_core.package_identification:_identify(src/ros2_project/ros2_project) by extensions ['colcon_meta']
[0.280s] Level 1:colcon.colcon_core.package_identification:_identify(src/ros2_project/ros2_project) by extension 'colcon_meta'
[0.280s] Level 1:colcon.colcon_core.package_identification:_identify(src/ros2_project/ros2_project) by extensions ['ros']
[0.280s] Level 1:colcon.colcon_core.package_identification:_identify(src/ros2_project/ros2_project) by extension 'ros'
[0.280s] DEBUG:colcon.colcon_core.package_identification:Package 'src/ros2_project/ros2_project' with type 'ros.ament_python' and name 'ros2_project'
[0.280s] Level 1:colcon.colcon_core.package_discovery:discover_packages(recursive) using defaults
[0.280s] Level 1:colcon.colcon_core.package_discovery:discover_packages(ignore) discover
[0.280s] Level 1:colcon.colcon_core.package_discovery:discover_packages(ignore) using defaults
[0.280s] Level 1:colcon.colcon_core.package_discovery:discover_packages(path) discover
[0.280s] Level 1:colcon.colcon_core.package_discovery:discover_packages(path) using defaults
[0.302s] Level 1:colcon.colcon_core.package_discovery:discover_packages(prefix_path) check parameters
[0.302s] Level 1:colcon.colcon_core.package_discovery:discover_packages(prefix_path) discover
[0.303s] DEBUG:colcon.colcon_installed_package_information.package_discovery:Found 2 installed packages in /home/vijay/ros2_project/install
[0.305s] DEBUG:colcon.colcon_installed_package_information.package_discovery:Found 434 installed packages in /opt/ros/jazzy
[0.307s] Level 1:colcon.colcon_core.package_discovery:discover_packages(prefix_path) using defaults
[0.361s] Level 5:colcon.colcon_core.verb:set package 'px4_msgs' build argument 'cmake_args' from command line to 'None'
[0.361s] Level 5:colcon.colcon_core.verb:set package 'px4_msgs' build argument 'cmake_target' from command line to 'None'
[0.361s] Level 5:colcon.colcon_core.verb:set package 'px4_msgs' build argument 'cmake_target_skip_unavailable' from command line to 'False'
[0.361s] Level 5:colcon.colcon_core.verb:set package 'px4_msgs' build argument 'cmake_clean_cache' from command line to 'False'
[0.361s] Level 5:colcon.colcon_core.verb:set package 'px4_msgs' build argument 'cmake_clean_first' from command line to 'False'
[0.361s] Level 5:colcon.colcon_core.verb:set package 'px4_msgs' build argument 'cmake_force_configure' from command line to 'False'
[0.361s] Level 5:colcon.colcon_core.verb:set package 'px4_msgs' build argument 'ament_cmake_args' from command line to 'None'
[0.361s] Level 5:colcon.colcon_core.verb:set package 'px4_msgs' build argument 'catkin_cmake_args' from command line to 'None'
[0.361s] Level 5:colcon.colcon_core.verb:set package 'px4_msgs' build argument 'catkin_skip_building_tests' from command line to 'False'
[0.361s] DEBUG:colcon.colcon_core.verb:Building package 'px4_msgs' with the following arguments: {'ament_cmake_args': None, 'build_base': '/home/vijay/ros2_project/build/px4_msgs', 'catkin_cmake_args': None, 'catkin_skip_building_tests': False, 'cmake_args': None, 'cmake_clean_cache': False, 'cmake_clean_first': False, 'cmake_force_configure': False, 'cmake_target': None, 'cmake_target_skip_unavailable': False, 'install_base': '/home/vijay/ros2_project/install/px4_msgs', 'merge_install': False, 'path': '/home/vijay/ros2_project/src/px4_msgs', 'symlink_install': False, 'test_result_base': None}
[0.361s] Level 5:colcon.colcon_core.verb:set package 'ros2_project' build argument 'cmake_args' from command line to 'None'
[0.361s] Level 5:colcon.colcon_core.verb:set package 'ros2_project' build argument 'cmake_target' from command line to 'None'
[0.361s] Level 5:colcon.colcon_core.verb:set package 'ros2_project' build argument 'cmake_target_skip_unavailable' from command line to 'False'
[0.361s] Level 5:colcon.colcon_core.verb:set package 'ros2_project' build argument 'cmake_clean_cache' from command line to 'False'
[0.361s] Level 5:colcon.colcon_core.verb:set package 'ros2_project' build argument 'cmake_clean_first' from command line to 'False'
[0.361s] Level 5:colcon.colcon_core.verb:set package 'ros2_project' build argument 'cmake_force_configure' from command line to 'False'
[0.361s] Level 5:colcon.colcon_core.verb:set package 'ros2_project' build argument 'ament_cmake_args' from command line to 'None'
[0.361s] Level 5:colcon.colcon_core.verb:set package 'ros2_project' build argument 'catkin_cmake_args' from command line to 'None'
[0.361s] Level 5:colcon.colcon_core.verb:set package 'ros2_project' build argument 'catkin_skip_building_tests' from command line to 'False'
[0.361s] DEBUG:colcon.colcon_core.verb:Building package 'ros2_project' with the following arguments: {'ament_cmake_args': None, 'build_base': '/home/vijay/ros2_project/build/ros2_project', 'catkin_cmake_args': None, 'catkin_skip_building_tests': False, 'cmake_args': None, 'cmake_clean_cache': False, 'cmake_clean_first': False, 'cmake_force_configure': False, 'cmake_target': None, 'cmake_target_skip_unavailable': False, 'install_base': '/home/vijay/ros2_project/install/ros2_project', 'merge_install': False, 'path': '/home/vijay/ros2_project/src/ros2_project/ros2_project', 'symlink_install': False, 'test_result_base': None}
[0.361s] INFO:colcon.colcon_core.executor:Executing jobs using 'parallel' executor
[0.363s] DEBUG:colcon.colcon_parallel_executor.executor.parallel:run_until_complete
[0.363s] INFO:colcon.colcon_ros.task.ament_cmake.build:Building ROS package in '/home/vijay/ros2_project/src/px4_msgs' with build type 'ament_cmake'
[0.363s] INFO:colcon.colcon_cmake.task.cmake.build:Building CMake package in '/home/vijay/ros2_project/src/px4_msgs'
[0.365s] INFO:colcon.colcon_core.plugin_system:Skipping extension 'colcon_core.shell.bat': Not used on non-Windows systems
[0.365s] INFO:colcon.colcon_core.shell:Skip shell extension 'powershell' for command environment: Not usable outside of PowerShell
[0.365s] DEBUG:colcon.colcon_core.shell:Skip shell extension 'dsv' for command environment
[0.381s] DEBUG:colcon.colcon_core.event_handler.log_command:Invoking command in '/home/vijay/ros2_project/build/px4_msgs': CMAKE_PREFIX_PATH=${CMAKE_PREFIX_PATH}:/home/vijay/ros2_project/install/ros2_project:/opt/ros/jazzy DEBUGINFOD_URLS=https://debuginfod.ubuntu.com PS1=(yolo) \[\e]0;\u@\h: \w\a\]${debian_chroot:+($debian_chroot)}\[\033[01;32m\]\u@\h\[\033[00m\]:\[\033[01;34m\]\w\[\033[00m\]\$ VIRTUAL_ENV_PROMPT=(yolo) /usr/bin/cmake --build /home/vijay/ros2_project/build/px4_msgs -- -j16 -l16
[2.063s] DEBUG:colcon.colcon_core.event_handler.log_command:Invoked command in '/home/vijay/ros2_project/build/px4_msgs' returned '0': CMAKE_PREFIX_PATH=${CMAKE_PREFIX_PATH}:/home/vijay/ros2_project/install/ros2_project:/opt/ros/jazzy DEBUGINFOD_URLS=https://debuginfod.ubuntu.com PS1=(yolo) \[\e]0;\u@\h: \w\a\]${debian_chroot:+($debian_chroot)}\[\033[01;32m\]\u@\h\[\033[00m\]:\[\033[01;34m\]\w\[\033[00m\]\$ VIRTUAL_ENV_PROMPT=(yolo) /usr/bin/cmake --build /home/vijay/ros2_project/build/px4_msgs -- -j16 -l16
[2.078s] DEBUG:colcon.colcon_core.event_handler.log_command:Invoking command in '/home/vijay/ros2_project/build/px4_msgs': CMAKE_PREFIX_PATH=${CMAKE_PREFIX_PATH}:/home/vijay/ros2_project/install/ros2_project:/opt/ros/jazzy DEBUGINFOD_URLS=https://debuginfod.ubuntu.com PS1=(yolo) \[\e]0;\u@\h: \w\a\]${debian_chroot:+($debian_chroot)}\[\033[01;32m\]\u@\h\[\033[00m\]:\[\033[01;34m\]\w\[\033[00m\]\$ VIRTUAL_ENV_PROMPT=(yolo) /usr/bin/cmake --install /home/vijay/ros2_project/build/px4_msgs
[2.545s] Level 1:colcon.colcon_core.environment:create_environment_scripts_only(px4_msgs)
[2.546s] DEBUG:colcon.colcon_core.event_handler.log_command:Invoked command in '/home/vijay/ros2_project/build/px4_msgs' returned '0': CMAKE_PREFIX_PATH=${CMAKE_PREFIX_PATH}:/home/vijay/ros2_project/install/ros2_project:/opt/ros/jazzy DEBUGINFOD_URLS=https://debuginfod.ubuntu.com PS1=(yolo) \[\e]0;\u@\h: \w\a\]${debian_chroot:+($debian_chroot)}\[\033[01;32m\]\u@\h\[\033[00m\]:\[\033[01;34m\]\w\[\033[00m\]\$ VIRTUAL_ENV_PROMPT=(yolo) /usr/bin/cmake --install /home/vijay/ros2_project/build/px4_msgs
[2.548s] Level 1:colcon.colcon_core.environment:checking '/home/vijay/ros2_project/install/px4_msgs' for CMake module files
[2.549s] Level 1:colcon.colcon_core.environment:checking '/home/vijay/ros2_project/install/px4_msgs' for CMake config files
[2.552s] Level 1:colcon.colcon_core.shell:create_environment_hook('px4_msgs', 'cmake_prefix_path')
[2.552s] INFO:colcon.colcon_core.shell:Creating environment hook '/home/vijay/ros2_project/install/px4_msgs/share/px4_msgs/hook/cmake_prefix_path.ps1'
[2.554s] INFO:colcon.colcon_core.shell:Creating environment descriptor '/home/vijay/ros2_project/install/px4_msgs/share/px4_msgs/hook/cmake_prefix_path.dsv'
[2.554s] INFO:colcon.colcon_core.shell:Creating environment hook '/home/vijay/ros2_project/install/px4_msgs/share/px4_msgs/hook/cmake_prefix_path.sh'
[2.557s] Level 1:colcon.colcon_core.environment:checking '/home/vijay/ros2_project/install/px4_msgs/lib'
[2.557s] Level 1:colcon.colcon_core.shell:create_environment_hook('px4_msgs', 'ld_library_path_lib')
[2.558s] INFO:colcon.colcon_core.shell:Creating environment hook '/home/vijay/ros2_project/install/px4_msgs/share/px4_msgs/hook/ld_library_path_lib.ps1'
[2.559s] INFO:colcon.colcon_core.shell:Creating environment descriptor '/home/vijay/ros2_project/install/px4_msgs/share/px4_msgs/hook/ld_library_path_lib.dsv'
[2.559s] INFO:colcon.colcon_core.shell:Creating environment hook '/home/vijay/ros2_project/install/px4_msgs/share/px4_msgs/hook/ld_library_path_lib.sh'
[2.560s] Level 1:colcon.colcon_core.environment:checking '/home/vijay/ros2_project/install/px4_msgs/bin'
[2.560s] Level 1:colcon.colcon_core.environment:checking '/home/vijay/ros2_project/install/px4_msgs/lib/pkgconfig/px4_msgs.pc'
[2.561s] Level 1:colcon.colcon_core.environment:checking '/home/vijay/ros2_project/install/px4_msgs/lib/python3.12/site-packages'
[2.561s] Level 1:colcon.colcon_core.shell:create_environment_hook('px4_msgs', 'pythonpath')
[2.561s] INFO:colcon.colcon_core.shell:Creating environment hook '/home/vijay/ros2_project/install/px4_msgs/share/px4_msgs/hook/pythonpath.ps1'
[2.562s] INFO:colcon.colcon_core.shell:Creating environment descriptor '/home/vijay/ros2_project/install/px4_msgs/share/px4_msgs/hook/pythonpath.dsv'
[2.562s] INFO:colcon.colcon_core.shell:Creating environment hook '/home/vijay/ros2_project/install/px4_msgs/share/px4_msgs/hook/pythonpath.sh'
[2.563s] Level 1:colcon.colcon_core.environment:checking '/home/vijay/ros2_project/install/px4_msgs/bin'
[2.563s] INFO:colcon.colcon_core.shell:Creating package script '/home/vijay/ros2_project/install/px4_msgs/share/px4_msgs/package.ps1'
[2.564s] INFO:colcon.colcon_core.shell:Creating package descriptor '/home/vijay/ros2_project/install/px4_msgs/share/px4_msgs/package.dsv'
[2.565s] INFO:colcon.colcon_core.shell:Creating package script '/home/vijay/ros2_project/install/px4_msgs/share/px4_msgs/package.sh'
[2.565s] INFO:colcon.colcon_core.shell:Creating package script '/home/vijay/ros2_project/install/px4_msgs/share/px4_msgs/package.bash'
[2.566s] INFO:colcon.colcon_core.shell:Creating package script '/home/vijay/ros2_project/install/px4_msgs/share/px4_msgs/package.zsh'
[2.567s] Level 1:colcon.colcon_core.environment:create_file_with_runtime_dependencies(/home/vijay/ros2_project/install/px4_msgs/share/colcon-core/packages/px4_msgs)
[2.568s] Level 1:colcon.colcon_core.environment:create_environment_scripts_only(px4_msgs)
[2.568s] Level 1:colcon.colcon_core.environment:checking '/home/vijay/ros2_project/install/px4_msgs' for CMake module files
[2.569s] Level 1:colcon.colcon_core.environment:checking '/home/vijay/ros2_project/install/px4_msgs' for CMake config files
[2.572s] Level 1:colcon.colcon_core.shell:create_environment_hook('px4_msgs', 'cmake_prefix_path')
[2.573s] INFO:colcon.colcon_core.shell:Creating environment hook '/home/vijay/ros2_project/install/px4_msgs/share/px4_msgs/hook/cmake_prefix_path.ps1'
[2.574s] INFO:colcon.colcon_core.shell:Creating environment descriptor '/home/vijay/ros2_project/install/px4_msgs/share/px4_msgs/hook/cmake_prefix_path.dsv'
[2.574s] INFO:colcon.colcon_core.shell:Creating environment hook '/home/vijay/ros2_project/install/px4_msgs/share/px4_msgs/hook/cmake_prefix_path.sh'
[2.575s] Level 1:colcon.colcon_core.environment:checking '/home/vijay/ros2_project/install/px4_msgs/lib'
[2.576s] Level 1:colcon.colcon_core.shell:create_environment_hook('px4_msgs', 'ld_library_path_lib')
[2.576s] INFO:colcon.colcon_core.shell:Creating environment hook '/home/vijay/ros2_project/install/px4_msgs/share/px4_msgs/hook/ld_library_path_lib.ps1'
[2.578s] INFO:colcon.colcon_core.shell:Creating environment descriptor '/home/vijay/ros2_project/install/px4_msgs/share/px4_msgs/hook/ld_library_path_lib.dsv'
[2.579s] INFO:colcon.colcon_core.shell:Creating environment hook '/home/vijay/ros2_project/install/px4_msgs/share/px4_msgs/hook/ld_library_path_lib.sh'
[2.580s] Level 1:colcon.colcon_core.environment:checking '/home/vijay/ros2_project/install/px4_msgs/bin'
[2.580s] Level 1:colcon.colcon_core.environment:checking '/home/vijay/ros2_project/install/px4_msgs/lib/pkgconfig/px4_msgs.pc'
[2.581s] Level 1:colcon.colcon_core.environment:checking '/home/vijay/ros2_project/install/px4_msgs/lib/python3.12/site-packages'
[2.581s] Level 1:colcon.colcon_core.shell:create_environment_hook('px4_msgs', 'pythonpath')
[2.582s] INFO:colcon.colcon_core.shell:Creating environment hook '/home/vijay/ros2_project/install/px4_msgs/share/px4_msgs/hook/pythonpath.ps1'
[2.583s] INFO:colcon.colcon_core.shell:Creating environment descriptor '/home/vijay/ros2_project/install/px4_msgs/share/px4_msgs/hook/pythonpath.dsv'
[2.584s] INFO:colcon.colcon_core.shell:Creating environment hook '/home/vijay/ros2_project/install/px4_msgs/share/px4_msgs/hook/pythonpath.sh'
[2.585s] Level 1:colcon.colcon_core.environment:checking '/home/vijay/ros2_project/install/px4_msgs/bin'
[2.586s] INFO:colcon.colcon_core.shell:Creating package script '/home/vijay/ros2_project/install/px4_msgs/share/px4_msgs/package.ps1'
[2.587s] INFO:colcon.colcon_core.shell:Creating package descriptor '/home/vijay/ros2_project/install/px4_msgs/share/px4_msgs/package.dsv'
[2.588s] INFO:colcon.colcon_core.shell:Creating package script '/home/vijay/ros2_project/install/px4_msgs/share/px4_msgs/package.sh'
[2.588s] INFO:colcon.colcon_core.shell:Creating package script '/home/vijay/ros2_project/install/px4_msgs/share/px4_msgs/package.bash'
[2.589s] INFO:colcon.colcon_core.shell:Creating package script '/home/vijay/ros2_project/install/px4_msgs/share/px4_msgs/package.zsh'
[2.589s] Level 1:colcon.colcon_core.environment:create_file_with_runtime_dependencies(/home/vijay/ros2_project/install/px4_msgs/share/colcon-core/packages/px4_msgs)
[2.590s] INFO:colcon.colcon_ros.task.ament_python.build:Building ROS package in '/home/vijay/ros2_project/src/ros2_project/ros2_project' with build type 'ament_python'
[2.590s] Level 1:colcon.colcon_core.shell:create_environment_hook('ros2_project', 'ament_prefix_path')
[2.590s] INFO:colcon.colcon_core.shell:Creating environment hook '/home/vijay/ros2_project/install/ros2_project/share/ros2_project/hook/ament_prefix_path.ps1'
[2.591s] INFO:colcon.colcon_core.shell:Creating environment descriptor '/home/vijay/ros2_project/install/ros2_project/share/ros2_project/hook/ament_prefix_path.dsv'
[2.592s] INFO:colcon.colcon_core.shell:Creating environment hook '/home/vijay/ros2_project/install/ros2_project/share/ros2_project/hook/ament_prefix_path.sh'
[2.593s] INFO:colcon.colcon_core.shell:Skip shell extension 'powershell' for command environment: Not usable outside of PowerShell
[2.593s] DEBUG:colcon.colcon_core.shell:Skip shell extension 'dsv' for command environment
[2.934s] INFO:colcon.colcon_core.task.python.build:Building Python package in '/home/vijay/ros2_project/src/ros2_project/ros2_project'
[2.935s] INFO:colcon.colcon_core.shell:Skip shell extension 'powershell' for command environment: Not usable outside of PowerShell
[2.935s] DEBUG:colcon.colcon_core.shell:Skip shell extension 'dsv' for command environment
[3.762s] DEBUG:colcon.colcon_core.event_handler.log_command:Invoking command in '/home/vijay/ros2_project/src/ros2_project/ros2_project': DEBUGINFOD_URLS=https://debuginfod.ubuntu.com PS1=(yolo) \[\e]0;\u@\h: \w\a\]${debian_chroot:+($debian_chroot)}\[\033[01;32m\]\u@\h\[\033[00m\]:\[\033[01;34m\]\w\[\033[00m\]\$ PYTHONPATH=/home/vijay/ros2_project/build/ros2_project/prefix_override:/usr/lib/python3/dist-packages/colcon_core/task/python/colcon_distutils_commands:/home/vijay/ros2_project/install/ros2_project/lib/python3.12/site-packages:/home/vijay/ros2_project/install/px4_msgs/lib/python3.12/site-packages:/home/vijay/ros2_project/install/ros2_project/lib/python3.12/site-packages:/opt/ros/jazzy/lib/python3.12/site-packages:/home/vijay/yolo/lib/python3.12/site-packages VIRTUAL_ENV_PROMPT=(yolo) /usr/bin/python3 -W ignore:setup.py install is deprecated -W ignore:easy_install command is deprecated setup.py egg_info --egg-base ../../../build/ros2_project build --build-base /home/vijay/ros2_project/build/ros2_project/build install --record /home/vijay/ros2_project/build/ros2_project/install.log --single-version-externally-managed install_data
[4.527s] Level 1:colcon.colcon_core.environment:checking '/home/vijay/ros2_project/install/ros2_project' for CMake module files
[4.528s] DEBUG:colcon.colcon_core.event_handler.log_command:Invoked command in '/home/vijay/ros2_project/src/ros2_project/ros2_project' returned '0': DEBUGINFOD_URLS=https://debuginfod.ubuntu.com PS1=(yolo) \[\e]0;\u@\h: \w\a\]${debian_chroot:+($debian_chroot)}\[\033[01;32m\]\u@\h\[\033[00m\]:\[\033[01;34m\]\w\[\033[00m\]\$ PYTHONPATH=/home/vijay/ros2_project/build/ros2_project/prefix_override:/usr/lib/python3/dist-packages/colcon_core/task/python/colcon_distutils_commands:/home/vijay/ros2_project/install/ros2_project/lib/python3.12/site-packages:/home/vijay/ros2_project/install/px4_msgs/lib/python3.12/site-packages:/home/vijay/ros2_project/install/ros2_project/lib/python3.12/site-packages:/opt/ros/jazzy/lib/python3.12/site-packages:/home/vijay/yolo/lib/python3.12/site-packages VIRTUAL_ENV_PROMPT=(yolo) /usr/bin/python3 -W ignore:setup.py install is deprecated -W ignore:easy_install command is deprecated setup.py egg_info --egg-base ../../../build/ros2_project build --build-base /home/vijay/ros2_project/build/ros2_project/build install --record /home/vijay/ros2_project/build/ros2_project/install.log --single-version-externally-managed install_data
[4.528s] Level 1:colcon.colcon_core.environment:checking '/home/vijay/ros2_project/install/ros2_project' for CMake config files
[4.529s] Level 1:colcon.colcon_core.environment:checking '/home/vijay/ros2_project/install/ros2_project/lib'
[4.529s] Level 1:colcon.colcon_core.environment:checking '/home/vijay/ros2_project/install/ros2_project/bin'
[4.529s] Level 1:colcon.colcon_core.environment:checking '/home/vijay/ros2_project/install/ros2_project/lib/pkgconfig/ros2_project.pc'
[4.530s] Level 1:colcon.colcon_core.environment:checking '/home/vijay/ros2_project/install/ros2_project/lib/python3.12/site-packages'
[4.530s] Level 1:colcon.colcon_core.shell:create_environment_hook('ros2_project', 'pythonpath')
[4.530s] INFO:colcon.colcon_core.shell:Creating environment hook '/home/vijay/ros2_project/install/ros2_project/share/ros2_project/hook/pythonpath.ps1'
[4.532s] INFO:colcon.colcon_core.shell:Creating environment descriptor '/home/vijay/ros2_project/install/ros2_project/share/ros2_project/hook/pythonpath.dsv'
[4.533s] INFO:colcon.colcon_core.shell:Creating environment hook '/home/vijay/ros2_project/install/ros2_project/share/ros2_project/hook/pythonpath.sh'
[4.534s] Level 1:colcon.colcon_core.environment:checking '/home/vijay/ros2_project/install/ros2_project/bin'
[4.534s] Level 1:colcon.colcon_core.environment:create_environment_scripts_only(ros2_project)
[4.534s] INFO:colcon.colcon_core.shell:Creating package script '/home/vijay/ros2_project/install/ros2_project/share/ros2_project/package.ps1'
[4.535s] INFO:colcon.colcon_core.shell:Creating package descriptor '/home/vijay/ros2_project/install/ros2_project/share/ros2_project/package.dsv'
[4.536s] INFO:colcon.colcon_core.shell:Creating package script '/home/vijay/ros2_project/install/ros2_project/share/ros2_project/package.sh'
[4.536s] INFO:colcon.colcon_core.shell:Creating package script '/home/vijay/ros2_project/install/ros2_project/share/ros2_project/package.bash'
[4.537s] INFO:colcon.colcon_core.shell:Creating package script '/home/vijay/ros2_project/install/ros2_project/share/ros2_project/package.zsh'
[4.537s] Level 1:colcon.colcon_core.environment:create_file_with_runtime_dependencies(/home/vijay/ros2_project/install/ros2_project/share/colcon-core/packages/ros2_project)
[4.537s] DEBUG:colcon.colcon_parallel_executor.executor.parallel:closing loop
[4.538s] DEBUG:colcon.colcon_parallel_executor.executor.parallel:loop closed
[4.538s] DEBUG:colcon.colcon_parallel_executor.executor.parallel:run_until_complete finished with '0'
[4.538s] DEBUG:colcon.colcon_core.event_reactor:joining thread
[4.545s] INFO:colcon.colcon_core.plugin_system:Skipping extension 'colcon_notification.desktop_notification.terminal_notifier': Not used on non-Darwin systems
[4.545s] INFO:colcon.colcon_core.plugin_system:Skipping extension 'colcon_notification.desktop_notification.win32': Not used on non-Windows systems
[4.545s] INFO:colcon.colcon_notification.desktop_notification:Sending desktop notification using 'notify2'
[4.564s] DEBUG:colcon.colcon_core.event_reactor:joined thread
[4.564s] INFO:colcon.colcon_core.shell:Creating prefix script '/home/vijay/ros2_project/install/local_setup.ps1'
[4.566s] INFO:colcon.colcon_core.shell:Creating prefix util module '/home/vijay/ros2_project/install/_local_setup_util_ps1.py'
[4.568s] INFO:colcon.colcon_core.shell:Creating prefix chain script '/home/vijay/ros2_project/install/setup.ps1'
[4.571s] INFO:colcon.colcon_core.shell:Creating prefix script '/home/vijay/ros2_project/install/local_setup.sh'
[4.572s] INFO:colcon.colcon_core.shell:Creating prefix util module '/home/vijay/ros2_project/install/_local_setup_util_sh.py'
[4.574s] INFO:colcon.colcon_core.shell:Creating prefix chain script '/home/vijay/ros2_project/install/setup.sh'
[4.578s] INFO:colcon.colcon_core.shell:Creating prefix script '/home/vijay/ros2_project/install/local_setup.bash'
[4.579s] INFO:colcon.colcon_core.shell:Creating prefix chain script '/home/vijay/ros2_project/install/setup.bash'
[4.582s] INFO:colcon.colcon_core.shell:Creating prefix script '/home/vijay/ros2_project/install/local_setup.zsh'
[4.583s] INFO:colcon.colcon_core.shell:Creating prefix chain script '/home/vijay/ros2_project/install/setup.zsh'
